<?xml version="1.0" encoding="UTF-8"?>
<testsuite name="org.springframework.cloud.alibaba.dubbo.http.matcher.HttpRequestMethodsMatcherTest" tests="3" skipped="0" failures="0" errors="0" timestamp="2019-05-23T12:35:08" hostname="DESKTOP-4DO1SUF" time="0.013">
  <properties/>
  <testcase name="testGetToStringInfix" classname="org.springframework.cloud.alibaba.dubbo.http.matcher.HttpRequestMethodsMatcherTest" time="0.002"/>
  <testcase name="testGetContent" classname="org.springframework.cloud.alibaba.dubbo.http.matcher.HttpRequestMethodsMatcherTest" time="0.007"/>
  <testcase name="testEqualsAndHashCode" classname="org.springframework.cloud.alibaba.dubbo.http.matcher.HttpRequestMethodsMatcherTest" time="0.001"/>
  <system-out><![CDATA[]]></system-out>
  <system-err><![CDATA[]]></system-err>
</testsuite>
