<?xml version="1.0" encoding="UTF-8"?>
<testsuite name="org.springframework.cloud.alibaba.dubbo.http.matcher.HttpRequestMethodsMatcherTest" tests="3" skipped="0" failures="0" errors="0" timestamp="2021-01-04T09:27:23" hostname="DESKTOP-4DO1SUF" time="0.001">
  <properties/>
  <testcase name="testGetToStringInfix" classname="org.springframework.cloud.alibaba.dubbo.http.matcher.HttpRequestMethodsMatcherTest" time="0.0"/>
  <testcase name="testGetContent" classname="org.springframework.cloud.alibaba.dubbo.http.matcher.HttpRequestMethodsMatcherTest" time="0.0"/>
  <testcase name="testEqualsAndHashCode" classname="org.springframework.cloud.alibaba.dubbo.http.matcher.HttpRequestMethodsMatcherTest" time="0.0"/>
  <system-out><![CDATA[]]></system-out>
  <system-err><![CDATA[]]></system-err>
</testsuite>
