<?xml version="1.0" encoding="UTF-8"?>
<testsuite name="org.springframework.cloud.alibaba.dubbo.http.matcher.ConsumeMediaTypeExpressionTest" tests="4" skipped="0" failures="0" errors="0" timestamp="2021-01-04T09:27:22" hostname="DESKTOP-4DO1SUF" time="0.356">
  <properties/>
  <testcase name="testMatch" classname="org.springframework.cloud.alibaba.dubbo.http.matcher.ConsumeMediaTypeExpressionTest" time="0.353"/>
  <testcase name="testGetMediaTypeAndNegated" classname="org.springframework.cloud.alibaba.dubbo.http.matcher.ConsumeMediaTypeExpressionTest" time="0.0"/>
  <testcase name="testCompareTo" classname="org.springframework.cloud.alibaba.dubbo.http.matcher.ConsumeMediaTypeExpressionTest" time="0.0"/>
  <testcase name="testEqualsAndHashCode" classname="org.springframework.cloud.alibaba.dubbo.http.matcher.ConsumeMediaTypeExpressionTest" time="0.001"/>
  <system-out><![CDATA[]]></system-out>
  <system-err><![CDATA[]]></system-err>
</testsuite>
