<?xml version="1.0" encoding="UTF-8"?>
<testsuite name="org.springframework.cloud.alibaba.dubbo.http.matcher.HttpRequestParamsMatcherTest" tests="1" skipped="0" failures="0" errors="0" timestamp="2021-01-04T09:27:23" hostname="DESKTOP-4DO1SUF" time="0.012">
  <properties/>
  <testcase name="testEquals" classname="org.springframework.cloud.alibaba.dubbo.http.matcher.HttpRequestParamsMatcherTest" time="0.012"/>
  <system-out><![CDATA[]]></system-out>
  <system-err><![CDATA[]]></system-err>
</testsuite>
